1615522953920	geckodriver	INFO	Listening on 127.0.0.1:47923
1615522953947	mozrunner::runner	INFO	Running command: "/usr/bin/firefox" "--marionette" "-foreground" "-no-remote" "-profile" "/tmp/rust_mozprofileQuUEKq"
console.warn: SearchSettings: "get: No settings file exists, new profile?" (new Error("", "(unknown module)"))
1615522972343	Marionette	INFO	Listening on port 33591
1615522972677	Marionette	WARN	TLS certificate errors will be ignored for this session
JavaScript error: https://apis.google.com/_/scs/apps-static/_/js/k=oz.gapi.fr.-cMzeOPtfdw.O/m=signin2/rt=j/sv=1/d=1/ed=1/am=wQ/rs=AGLTcCOh0zVQlLmOEBUPqrAJhHMG4e9dlw/cb=gapi.loaded_0, line 222: uncaught exception: [object Object]
1615523006467	Marionette	INFO	Stopped listening on port 33591
1615524101932	geckodriver	INFO	Listening on 127.0.0.1:44017
1615524101937	mozrunner::runner	INFO	Running command: "/usr/bin/firefox" "--marionette" "-foreground" "-no-remote" "-profile" "/tmp/rust_mozprofileShhaJv"
console.warn: SearchSettings: "get: No settings file exists, new profile?" (new Error("", "(unknown module)"))
1615524105769	Marionette	INFO	Listening on port 46323
1615524105884	Marionette	WARN	TLS certificate errors will be ignored for this session
JavaScript error: https://apis.google.com/_/scs/apps-static/_/js/k=oz.gapi.fr.-cMzeOPtfdw.O/m=signin2/rt=j/sv=1/d=1/ed=1/am=wQ/rs=AGLTcCOh0zVQlLmOEBUPqrAJhHMG4e9dlw/cb=gapi.loaded_0, line 222: uncaught exception: [object Object]
1615524108384	Marionette	INFO	Stopped listening on port 46323
JavaScript error: resource://activity-stream/lib/ASRouter.jsm, line 988: NS_ERROR_ILLEGAL_VALUE: Component returned failure code: 0x80070057 (NS_ERROR_ILLEGAL_VALUE) [nsIObserverService.removeObserver]
1615524196187	geckodriver	INFO	Listening on 127.0.0.1:46793
1615524196191	mozrunner::runner	INFO	Running command: "/usr/bin/firefox" "--marionette" "-foreground" "-no-remote" "-profile" "/tmp/rust_mozprofilezfXDHT"
console.warn: SearchSettings: "get: No settings file exists, new profile?" (new Error("", "(unknown module)"))
1615524200032	Marionette	INFO	Listening on port 35253
1615524200151	Marionette	WARN	TLS certificate errors will be ignored for this session
JavaScript error: https://apis.google.com/_/scs/apps-static/_/js/k=oz.gapi.fr.-cMzeOPtfdw.O/m=signin2/rt=j/sv=1/d=1/ed=1/am=wQ/rs=AGLTcCOh0zVQlLmOEBUPqrAJhHMG4e9dlw/cb=gapi.loaded_0, line 222: uncaught exception: [object Object]
1615524202761	Marionette	INFO	Stopped listening on port 35253
JavaScript error: resource://activity-stream/lib/ASRouter.jsm, line 988: NS_ERROR_ILLEGAL_VALUE: Component returned failure code: 0x80070057 (NS_ERROR_ILLEGAL_VALUE) [nsIObserverService.removeObserver]

###!!! [Parent][RunMessage] Error: Channel closing: too late to send/recv, messages will be lost

1615524306427	geckodriver	INFO	Listening on 127.0.0.1:38435
1615524306431	mozrunner::runner	INFO	Running command: "/usr/bin/firefox" "--marionette" "-foreground" "-no-remote" "-profile" "/tmp/rust_mozprofileZQoYCU"
console.warn: SearchSettings: "get: No settings file exists, new profile?" (new Error("", "(unknown module)"))
1615524310214	Marionette	INFO	Listening on port 38539
1615524310266	Marionette	WARN	TLS certificate errors will be ignored for this session
JavaScript error: https://apis.google.com/_/scs/apps-static/_/js/k=oz.gapi.fr.-cMzeOPtfdw.O/m=signin2/rt=j/sv=1/d=1/ed=1/am=wQ/rs=AGLTcCOh0zVQlLmOEBUPqrAJhHMG4e9dlw/cb=gapi.loaded_0, line 222: uncaught exception: [object Object]
1615524312361	Marionette	INFO	Stopped listening on port 38539
JavaScript error: resource://activity-stream/lib/ASRouter.jsm, line 988: NS_ERROR_ILLEGAL_VALUE: Component returned failure code: 0x80070057 (NS_ERROR_ILLEGAL_VALUE) [nsIObserverService.removeObserver]

###!!! [Parent][RunMessage] Error: Channel closing: too late to send/recv, messages will be lost

1615525568844	geckodriver	INFO	Listening on 127.0.0.1:56891
1615525568849	mozrunner::runner	INFO	Running command: "/usr/bin/firefox" "--marionette" "-foreground" "-no-remote" "-profile" "/tmp/rust_mozprofileZPGJrO"
console.warn: SearchSettings: "get: No settings file exists, new profile?" (new Error("", "(unknown module)"))
1615525573209	Marionette	INFO	Listening on port 33461
1615525573280	Marionette	WARN	TLS certificate errors will be ignored for this session
1615525574926	Marionette	INFO	Stopped listening on port 33461
JavaScript error: resource://activity-stream/lib/ASRouter.jsm, line 969: TypeError: this._storage is null
console.log: "RemoteSettingsWorker error: Error: Can't import when we've started shutting down."
console.log: "RemoteSettingsWorker error: Error: Can't import when we've started shutting down."
console.log: "RemoteSettingsWorker error: Error: Can't import when we've started shutting down."
console.log: "RemoteSettingsWorker error: Error: Can't import when we've started shutting down."
console.error: "Could not load engine google@search.mozilla.org: [Exception... \"AddonManager is not initialized\"  nsresult: \"0xc1f30001 (NS_ERROR_NOT_INITIALIZED)\"  location: \"JS frame :: resource://gre/modules/AddonManager.jsm :: installBuiltinAddon :: line 2550\"  data: no]"
console.error: "Could not load engine wikipedia@search.mozilla.org: [Exception... \"AddonManager is not initialized\"  nsresult: \"0xc1f30001 (NS_ERROR_NOT_INITIALIZED)\"  location: \"JS frame :: resource://gre/modules/AddonManager.jsm :: installBuiltinAddon :: line 2550\"  data: no]"
console.error: "Could not load engine bing@search.mozilla.org: [Exception... \"AddonManager is not initialized\"  nsresult: \"0xc1f30001 (NS_ERROR_NOT_INITIALIZED)\"  location: \"JS frame :: resource://gre/modules/AddonManager.jsm :: installBuiltinAddon :: line 2550\"  data: no]"
console.error: "Could not load engine amazon@search.mozilla.org: [Exception... \"AddonManager is not initialized\"  nsresult: \"0xc1f30001 (NS_ERROR_NOT_INITIALIZED)\"  location: \"JS frame :: resource://gre/modules/AddonManager.jsm :: installBuiltinAddon :: line 2550\"  data: no]"
console.error: "Could not load engine ddg@search.mozilla.org: [Exception... \"AddonManager is not initialized\"  nsresult: \"0xc1f30001 (NS_ERROR_NOT_INITIALIZED)\"  location: \"JS frame :: resource://gre/modules/AddonManager.jsm :: installBuiltinAddon :: line 2550\"  data: no]"
console.error: "Could not load engine ebay@search.mozilla.org: [Exception... \"AddonManager is not initialized\"  nsresult: \"0xc1f30001 (NS_ERROR_NOT_INITIALIZED)\"  location: \"JS frame :: resource://gre/modules/AddonManager.jsm :: installBuiltinAddon :: line 2550\"  data: no]"
console.error: "Could not load engine qwant@search.mozilla.org: [Exception... \"AddonManager is not initialized\"  nsresult: \"0xc1f30001 (NS_ERROR_NOT_INITIALIZED)\"  location: \"JS frame :: resource://gre/modules/AddonManager.jsm :: installBuiltinAddon :: line 2550\"  data: no]"
console.warn: SearchService: "_init: abandoning init due to shutting down"
JavaScript error: , line 0: uncaught exception: 2147500036
JavaScript error: , line 0: uncaught exception: 2147500036
JavaScript error: , line 0: uncaught exception: 2147500036
JavaScript error: , line 0: uncaught exception: 2147500036
JavaScript error: , line 0: uncaught exception: 2147500036
JavaScript error: , line 0: uncaught exception: 2147500036
JavaScript error: , line 0: uncaught exception: 2147500036
JavaScript error: , line 0: uncaught exception: 2147500036
JavaScript error: , line 0: AbortError: A request was aborted, for example through a call to IDBTransaction.abort.
JavaScript error: , line 0: AbortError: A request was aborted, for example through a call to IDBTransaction.abort.

###!!! [Parent][RunMessage] Error: Channel closing: too late to send/recv, messages will be lost

JavaScript error: resource:///modules/EveryWindow.jsm, line 37: NS_ERROR_UNEXPECTED: Component returned failure code: 0x8000ffff (NS_ERROR_UNEXPECTED) [nsIWindowMediator.getEnumerator]
JavaScript error: resource://gre/modules/CrashManager.jsm, line 831: NotAllowedError: Shutting down and refusing additional I/O tasks
ExceptionHandler::GenerateDump cloned child 342223
ExceptionHandler::SendContinueSignalToChild sent continue signal to child
ExceptionHandler::WaitForContinueSignal waiting for continue signal...
1615525913496	geckodriver	INFO	Listening on 127.0.0.1:53015
1615525913501	mozrunner::runner	INFO	Running command: "/usr/bin/firefox" "--marionette" "-foreground" "-no-remote" "-profile" "/tmp/rust_mozprofileK5PqvQ"
console.warn: SearchSettings: "get: No settings file exists, new profile?" (new Error("", "(unknown module)"))
1615525918933	Marionette	INFO	Listening on port 38985
1615525919037	Marionette	WARN	TLS certificate errors will be ignored for this session
1615525921736	Marionette	INFO	Stopped listening on port 38985
JavaScript error: https://apis.google.com/_/scs/apps-static/_/js/k=oz.gapi.fr.-cMzeOPtfdw.O/m=signin2/rt=j/sv=1/d=1/ed=1/am=wQ/rs=AGLTcCOh0zVQlLmOEBUPqrAJhHMG4e9dlw/cb=gapi.loaded_0, line 222: uncaught exception: [object Object]
JavaScript error: resource://activity-stream/lib/ASRouter.jsm, line 988: NS_ERROR_ILLEGAL_VALUE: Component returned failure code: 0x80070057 (NS_ERROR_ILLEGAL_VALUE) [nsIObserverService.removeObserver]

###!!! [Parent][RunMessage] Error: Channel closing: too late to send/recv, messages will be lost

1615525968483	geckodriver	INFO	Listening on 127.0.0.1:55939
1615525968487	mozrunner::runner	INFO	Running command: "/usr/bin/firefox" "--marionette" "-foreground" "-no-remote" "-profile" "/tmp/rust_mozprofile7IjcG0"
console.warn: SearchSettings: "get: No settings file exists, new profile?" (new Error("", "(unknown module)"))
1615525972254	Marionette	INFO	Listening on port 43961
1615525972334	Marionette	WARN	TLS certificate errors will be ignored for this session
1615525973629	Marionette	INFO	Stopped listening on port 43961
JavaScript error: resource://activity-stream/lib/ASRouter.jsm, line 969: TypeError: this._storage is null
console.log: "RemoteSettingsWorker error: Error: Can't import when we've started shutting down."
console.log: "RemoteSettingsWorker error: Error: Can't import when we've started shutting down."
console.log: "RemoteSettingsWorker error: Error: Can't import when we've started shutting down."
console.log: "RemoteSettingsWorker error: Error: Can't import when we've started shutting down."
console.error: "Could not load engine google@search.mozilla.org: [Exception... \"AddonManager is not initialized\"  nsresult: \"0xc1f30001 (NS_ERROR_NOT_INITIALIZED)\"  location: \"JS frame :: resource://gre/modules/AddonManager.jsm :: installBuiltinAddon :: line 2550\"  data: no]"
console.error: "Could not load engine wikipedia@search.mozilla.org: [Exception... \"AddonManager is not initialized\"  nsresult: \"0xc1f30001 (NS_ERROR_NOT_INITIALIZED)\"  location: \"JS frame :: resource://gre/modules/AddonManager.jsm :: installBuiltinAddon :: line 2550\"  data: no]"
console.error: "Could not load engine bing@search.mozilla.org: [Exception... \"AddonManager is not initialized\"  nsresult: \"0xc1f30001 (NS_ERROR_NOT_INITIALIZED)\"  location: \"JS frame :: resource://gre/modules/AddonManager.jsm :: installBuiltinAddon :: line 2550\"  data: no]"
console.error: "Could not load engine amazon@search.mozilla.org: [Exception... \"AddonManager is not initialized\"  nsresult: \"0xc1f30001 (NS_ERROR_NOT_INITIALIZED)\"  location: \"JS frame :: resource://gre/modules/AddonManager.jsm :: installBuiltinAddon :: line 2550\"  data: no]"
console.error: "Could not load engine ddg@search.mozilla.org: [Exception... \"AddonManager is not initialized\"  nsresult: \"0xc1f30001 (NS_ERROR_NOT_INITIALIZED)\"  location: \"JS frame :: resource://gre/modules/AddonManager.jsm :: installBuiltinAddon :: line 2550\"  data: no]"
console.error: "Could not load engine ebay@search.mozilla.org: [Exception... \"AddonManager is not initialized\"  nsresult: \"0xc1f30001 (NS_ERROR_NOT_INITIALIZED)\"  location: \"JS frame :: resource://gre/modules/AddonManager.jsm :: installBuiltinAddon :: line 2550\"  data: no]"
console.error: "Could not load engine qwant@search.mozilla.org: [Exception... \"AddonManager is not initialized\"  nsresult: \"0xc1f30001 (NS_ERROR_NOT_INITIALIZED)\"  location: \"JS frame :: resource://gre/modules/AddonManager.jsm :: installBuiltinAddon :: line 2550\"  data: no]"
console.warn: SearchService: "_init: abandoning init due to shutting down"
JavaScript error: , line 0: uncaught exception: 2147500036
JavaScript error: , line 0: uncaught exception: 2147500036
JavaScript error: , line 0: uncaught exception: 2147500036
JavaScript error: , line 0: uncaught exception: 2147500036
JavaScript error: , line 0: uncaught exception: 2147500036
JavaScript error: , line 0: uncaught exception: 2147500036
JavaScript error: , line 0: uncaught exception: 2147500036
JavaScript error: , line 0: AbortError: A request was aborted, for example through a call to IDBTransaction.abort.
JavaScript error: , line 0: AbortError: A request was aborted, for example through a call to IDBTransaction.abort.
JavaScript error: resource:///modules/EveryWindow.jsm, line 37: NS_ERROR_UNEXPECTED: Component returned failure code: 0x8000ffff (NS_ERROR_UNEXPECTED) [nsIWindowMediator.getEnumerator]
JavaScript error: resource://gre/modules/CrashManager.jsm, line 831: NotAllowedError: Shutting down and refusing additional I/O tasks
ExceptionHandler::GenerateDump cloned child 343332
ExceptionHandler::SendContinueSignalToChild sent continue signal to child
ExceptionHandler::WaitForContinueSignal waiting for continue signal...
1615526106819	geckodriver	INFO	Listening on 127.0.0.1:46751
1615526106823	mozrunner::runner	INFO	Running command: "/usr/bin/firefox" "--marionette" "-foreground" "-no-remote" "-profile" "/tmp/rust_mozprofilelZ3JmB"
console.warn: SearchSettings: "get: No settings file exists, new profile?" (new Error("", "(unknown module)"))
1615526110695	Marionette	INFO	Listening on port 45497
1615526110756	Marionette	WARN	TLS certificate errors will be ignored for this session
JavaScript error: https://apis.google.com/_/scs/apps-static/_/js/k=oz.gapi.fr.-cMzeOPtfdw.O/m=signin2/rt=j/sv=1/d=1/ed=1/am=wQ/rs=AGLTcCOh0zVQlLmOEBUPqrAJhHMG4e9dlw/cb=gapi.loaded_0, line 222: uncaught exception: [object Object]
JavaScript error: https://apis.google.com/_/scs/apps-static/_/js/k=oz.gapi.fr.-cMzeOPtfdw.O/m=signin2/rt=j/sv=1/d=1/ed=1/am=wQ/rs=AGLTcCOh0zVQlLmOEBUPqrAJhHMG4e9dlw/cb=gapi.loaded_0, line 222: uncaught exception: [object Object]
1615526143122	Marionette	INFO	Stopped listening on port 45497
JavaScript error: resource://activity-stream/lib/ASRouter.jsm, line 988: NS_ERROR_ILLEGAL_VALUE: Component returned failure code: 0x80070057 (NS_ERROR_ILLEGAL_VALUE) [nsIObserverService.removeObserver]
1615526223197	geckodriver	INFO	Listening on 127.0.0.1:48369
1615526223200	mozrunner::runner	INFO	Running command: "/usr/bin/firefox" "--marionette" "-foreground" "-no-remote" "-profile" "/tmp/rust_mozprofileNf3yy0"
console.warn: SearchSettings: "get: No settings file exists, new profile?" (new Error("", "(unknown module)"))
1615526226927	Marionette	INFO	Listening on port 41461
1615526227034	Marionette	WARN	TLS certificate errors will be ignored for this session
JavaScript error: https://apis.google.com/_/scs/apps-static/_/js/k=oz.gapi.fr.-cMzeOPtfdw.O/m=signin2/rt=j/sv=1/d=1/ed=1/am=wQ/rs=AGLTcCOh0zVQlLmOEBUPqrAJhHMG4e9dlw/cb=gapi.loaded_0, line 222: uncaught exception: [object Object]
JavaScript error: https://apis.google.com/_/scs/apps-static/_/js/k=oz.gapi.fr.-cMzeOPtfdw.O/m=signin2/rt=j/sv=1/d=1/ed=1/am=wQ/rs=AGLTcCOh0zVQlLmOEBUPqrAJhHMG4e9dlw/cb=gapi.loaded_0, line 222: uncaught exception: [object Object]
JavaScript error: https://apis.google.com/_/scs/apps-static/_/js/k=oz.gapi.fr.-cMzeOPtfdw.O/m=signin2/rt=j/sv=1/d=1/ed=1/am=wQ/rs=AGLTcCOh0zVQlLmOEBUPqrAJhHMG4e9dlw/cb=gapi.loaded_0, line 222: uncaught exception: [object Object]
1615526260277	Marionette	INFO	Stopped listening on port 41461
1615526411790	geckodriver	INFO	Listening on 127.0.0.1:60999
1615526411794	mozrunner::runner	INFO	Running command: "/usr/bin/firefox" "--marionette" "-foreground" "-no-remote" "-profile" "/tmp/rust_mozprofileTFZziK"
console.warn: SearchSettings: "get: No settings file exists, new profile?" (new Error("", "(unknown module)"))
1615526415706	Marionette	INFO	Listening on port 35367
1615526415826	Marionette	WARN	TLS certificate errors will be ignored for this session
JavaScript error: https://apis.google.com/_/scs/apps-static/_/js/k=oz.gapi.fr.-cMzeOPtfdw.O/m=signin2/rt=j/sv=1/d=1/ed=1/am=wQ/rs=AGLTcCOh0zVQlLmOEBUPqrAJhHMG4e9dlw/cb=gapi.loaded_0, line 222: uncaught exception: [object Object]
JavaScript error: https://apis.google.com/_/scs/apps-static/_/js/k=oz.gapi.fr.-cMzeOPtfdw.O/m=signin2/rt=j/sv=1/d=1/ed=1/am=wQ/rs=AGLTcCOh0zVQlLmOEBUPqrAJhHMG4e9dlw/cb=gapi.loaded_0, line 222: uncaught exception: [object Object]
JavaScript error: https://apis.google.com/_/scs/apps-static/_/js/k=oz.gapi.fr.-cMzeOPtfdw.O/m=signin2/rt=j/sv=1/d=1/ed=1/am=wQ/rs=AGLTcCOh0zVQlLmOEBUPqrAJhHMG4e9dlw/cb=gapi.loaded_0, line 222: uncaught exception: [object Object]
1615526449129	Marionette	INFO	Stopped listening on port 35367
1615526515156	geckodriver	INFO	Listening on 127.0.0.1:54517
1615526515160	mozrunner::runner	INFO	Running command: "/usr/bin/firefox" "--marionette" "-foreground" "-no-remote" "-profile" "/tmp/rust_mozprofilea6m9eV"
console.warn: SearchSettings: "get: No settings file exists, new profile?" (new Error("", "(unknown module)"))
1615526519021	Marionette	INFO	Listening on port 38527
1615526519092	Marionette	WARN	TLS certificate errors will be ignored for this session
JavaScript error: https://apis.google.com/_/scs/apps-static/_/js/k=oz.gapi.fr.-cMzeOPtfdw.O/m=signin2/rt=j/sv=1/d=1/ed=1/am=wQ/rs=AGLTcCOh0zVQlLmOEBUPqrAJhHMG4e9dlw/cb=gapi.loaded_0, line 222: uncaught exception: [object Object]
JavaScript error: https://apis.google.com/_/scs/apps-static/_/js/k=oz.gapi.fr.-cMzeOPtfdw.O/m=signin2/rt=j/sv=1/d=1/ed=1/am=wQ/rs=AGLTcCOh0zVQlLmOEBUPqrAJhHMG4e9dlw/cb=gapi.loaded_0, line 222: uncaught exception: [object Object]
JavaScript error: https://apis.google.com/_/scs/apps-static/_/js/k=oz.gapi.fr.-cMzeOPtfdw.O/m=signin2/rt=j/sv=1/d=1/ed=1/am=wQ/rs=AGLTcCOh0zVQlLmOEBUPqrAJhHMG4e9dlw/cb=gapi.loaded_0, line 222: uncaught exception: [object Object]
1615526551993	Marionette	INFO	Stopped listening on port 38527

###!!! [Parent][RunMessage] Error: Channel closing: too late to send/recv, messages will be lost

1615526575490	geckodriver	INFO	Listening on 127.0.0.1:52583
1615526575495	mozrunner::runner	INFO	Running command: "/usr/bin/firefox" "--marionette" "-foreground" "-no-remote" "-profile" "/tmp/rust_mozprofileVYtf4Z"
console.warn: SearchSettings: "get: No settings file exists, new profile?" (new Error("", "(unknown module)"))
1615526579234	Marionette	INFO	Listening on port 34715
1615526579334	Marionette	WARN	TLS certificate errors will be ignored for this session
JavaScript error: https://apis.google.com/_/scs/apps-static/_/js/k=oz.gapi.fr.-cMzeOPtfdw.O/m=signin2/rt=j/sv=1/d=1/ed=1/am=wQ/rs=AGLTcCOh0zVQlLmOEBUPqrAJhHMG4e9dlw/cb=gapi.loaded_0, line 222: uncaught exception: [object Object]
JavaScript error: https://apis.google.com/_/scs/apps-static/_/js/k=oz.gapi.fr.-cMzeOPtfdw.O/m=signin2/rt=j/sv=1/d=1/ed=1/am=wQ/rs=AGLTcCOh0zVQlLmOEBUPqrAJhHMG4e9dlw/cb=gapi.loaded_0, line 222: uncaught exception: [object Object]
JavaScript error: https://apis.google.com/_/scs/apps-static/_/js/k=oz.gapi.fr.-cMzeOPtfdw.O/m=signin2/rt=j/sv=1/d=1/ed=1/am=wQ/rs=AGLTcCOh0zVQlLmOEBUPqrAJhHMG4e9dlw/cb=gapi.loaded_0, line 222: uncaught exception: [object Object]
1615526582293	Marionette	INFO	Stopped listening on port 34715

###!!! [Parent][RunMessage] Error: Channel closing: too late to send/recv, messages will be lost

1615526683793	geckodriver	INFO	Listening on 127.0.0.1:51445
1615526683797	mozrunner::runner	INFO	Running command: "/usr/bin/firefox" "--marionette" "-foreground" "-no-remote" "-profile" "/tmp/rust_mozprofileSu1ofZ"
console.warn: SearchSettings: "get: No settings file exists, new profile?" (new Error("", "(unknown module)"))
1615526687711	Marionette	INFO	Listening on port 42865
1615526687831	Marionette	WARN	TLS certificate errors will be ignored for this session
JavaScript error: https://apis.google.com/_/scs/apps-static/_/js/k=oz.gapi.fr.-cMzeOPtfdw.O/m=signin2/rt=j/sv=1/d=1/ed=1/am=wQ/rs=AGLTcCOh0zVQlLmOEBUPqrAJhHMG4e9dlw/cb=gapi.loaded_0, line 222: uncaught exception: [object Object]
JavaScript error: https://apis.google.com/_/scs/apps-static/_/js/k=oz.gapi.fr.-cMzeOPtfdw.O/m=signin2/rt=j/sv=1/d=1/ed=1/am=wQ/rs=AGLTcCOh0zVQlLmOEBUPqrAJhHMG4e9dlw/cb=gapi.loaded_0, line 222: uncaught exception: [object Object]
JavaScript error: https://apis.google.com/_/scs/apps-static/_/js/k=oz.gapi.fr.-cMzeOPtfdw.O/m=signin2/rt=j/sv=1/d=1/ed=1/am=wQ/rs=AGLTcCOh0zVQlLmOEBUPqrAJhHMG4e9dlw/cb=gapi.loaded_0, line 222: uncaught exception: [object Object]
1615526690502	Marionette	INFO	Stopped listening on port 42865

###!!! [Parent][RunMessage] Error: Channel closing: too late to send/recv, messages will be lost

1615527590994	geckodriver	INFO	Listening on 127.0.0.1:37641
1615527590997	mozrunner::runner	INFO	Running command: "/usr/bin/firefox" "--marionette" "-foreground" "-no-remote" "-profile" "/tmp/rust_mozprofileVZYg5H"
console.warn: SearchSettings: "get: No settings file exists, new profile?" (new Error("", "(unknown module)"))
1615527594823	Marionette	INFO	Listening on port 44651
1615527594928	Marionette	WARN	TLS certificate errors will be ignored for this session
JavaScript error: https://apis.google.com/_/scs/apps-static/_/js/k=oz.gapi.fr.-cMzeOPtfdw.O/m=signin2/rt=j/sv=1/d=1/ed=1/am=wQ/rs=AGLTcCOh0zVQlLmOEBUPqrAJhHMG4e9dlw/cb=gapi.loaded_0, line 222: uncaught exception: [object Object]
JavaScript error: https://apis.google.com/_/scs/apps-static/_/js/k=oz.gapi.fr.-cMzeOPtfdw.O/m=signin2/rt=j/sv=1/d=1/ed=1/am=wQ/rs=AGLTcCOh0zVQlLmOEBUPqrAJhHMG4e9dlw/cb=gapi.loaded_0, line 222: uncaught exception: [object Object]
1615527597558	Marionette	INFO	Stopped listening on port 44651
1615527600501	geckodriver	INFO	Listening on 127.0.0.1:42141
1615527600507	mozrunner::runner	INFO	Running command: "/usr/bin/firefox" "--marionette" "-foreground" "-no-remote" "-profile" "/tmp/rust_mozprofileyRzwR8"
console.warn: SearchSettings: "get: No settings file exists, new profile?" (new Error("", "(unknown module)"))
1615527604482	Marionette	INFO	Listening on port 33905
1615527604550	Marionette	WARN	TLS certificate errors will be ignored for this session
1615527606080	Marionette	INFO	Stopped listening on port 33905
JavaScript error: resource://activity-stream/lib/ASRouter.jsm, line 988: NS_ERROR_ILLEGAL_VALUE: Component returned failure code: 0x80070057 (NS_ERROR_ILLEGAL_VALUE) [nsIObserverService.removeObserver]
1615527609168	geckodriver	INFO	Listening on 127.0.0.1:49917
1615527609171	mozrunner::runner	INFO	Running command: "/usr/bin/firefox" "--marionette" "-foreground" "-no-remote" "-profile" "/tmp/rust_mozprofileu9wXp8"
console.warn: SearchSettings: "get: No settings file exists, new profile?" (new Error("", "(unknown module)"))
1615527613013	Marionette	INFO	Listening on port 46329
1615527613099	Marionette	WARN	TLS certificate errors will be ignored for this session
1615527614396	Marionette	INFO	Stopped listening on port 46329
JavaScript error: resource://activity-stream/lib/ASRouter.jsm, line 988: NS_ERROR_ILLEGAL_VALUE: Component returned failure code: 0x80070057 (NS_ERROR_ILLEGAL_VALUE) [nsIObserverService.removeObserver]

###!!! [Parent][RunMessage] Error: Channel closing: too late to send/recv, messages will be lost

1615527617296	geckodriver	INFO	Listening on 127.0.0.1:44809
1615527617300	mozrunner::runner	INFO	Running command: "/usr/bin/firefox" "--marionette" "-foreground" "-no-remote" "-profile" "/tmp/rust_mozprofile6TPsqV"
console.warn: SearchSettings: "get: No settings file exists, new profile?" (new Error("", "(unknown module)"))
1615527620928	Marionette	INFO	Listening on port 39961
1615527621033	Marionette	WARN	TLS certificate errors will be ignored for this session
1615527622347	Marionette	INFO	Stopped listening on port 39961
JavaScript error: resource://activity-stream/lib/ASRouter.jsm, line 988: NS_ERROR_ILLEGAL_VALUE: Component returned failure code: 0x80070057 (NS_ERROR_ILLEGAL_VALUE) [nsIObserverService.removeObserver]
console.warn: SearchService: "_init: abandoning init due to shutting down"
JavaScript error: , line 0: uncaught exception: 2147500036
JavaScript error: , line 0: uncaught exception: 2147500036
JavaScript error: , line 0: uncaught exception: 2147500036
JavaScript error: , line 0: uncaught exception: 2147500036
JavaScript error: , line 0: uncaught exception: 2147500036
JavaScript error: , line 0: uncaught exception: 2147500036
JavaScript error: , line 0: uncaught exception: 2147500036

###!!! [Parent][RunMessage] Error: Channel closing: too late to send/recv, messages will be lost

1615527661295	geckodriver	INFO	Listening on 127.0.0.1:43553
1615527661299	mozrunner::runner	INFO	Running command: "/usr/bin/firefox" "--marionette" "-foreground" "-no-remote" "-profile" "/tmp/rust_mozprofile06UUqm"
console.warn: SearchSettings: "get: No settings file exists, new profile?" (new Error("", "(unknown module)"))
1615527665139	Marionette	INFO	Listening on port 45003
1615527665234	Marionette	WARN	TLS certificate errors will be ignored for this session
JavaScript error: https://apis.google.com/_/scs/apps-static/_/js/k=oz.gapi.fr.-cMzeOPtfdw.O/m=signin2/rt=j/sv=1/d=1/ed=1/am=wQ/rs=AGLTcCOh0zVQlLmOEBUPqrAJhHMG4e9dlw/cb=gapi.loaded_0, line 222: uncaught exception: [object Object]
JavaScript error: https://apis.google.com/_/scs/apps-static/_/js/k=oz.gapi.fr.-cMzeOPtfdw.O/m=signin2/rt=j/sv=1/d=1/ed=1/am=wQ/rs=AGLTcCOh0zVQlLmOEBUPqrAJhHMG4e9dlw/cb=gapi.loaded_0, line 222: uncaught exception: [object Object]
JavaScript error: https://apis.google.com/_/scs/apps-static/_/js/k=oz.gapi.fr.-cMzeOPtfdw.O/m=signin2/rt=j/sv=1/d=1/ed=1/am=wQ/rs=AGLTcCOh0zVQlLmOEBUPqrAJhHMG4e9dlw/cb=gapi.loaded_0, line 222: uncaught exception: [object Object]
1615527668353	Marionette	INFO	Stopped listening on port 45003

###!!! [Parent][RunMessage] Error: Channel closing: too late to send/recv, messages will be lost

1615528175750	geckodriver	INFO	Listening on 127.0.0.1:39783
1615528175755	mozrunner::runner	INFO	Running command: "/usr/bin/firefox" "--marionette" "-foreground" "-no-remote" "-profile" "/tmp/rust_mozprofilegUQ4o4"
console.warn: SearchSettings: "get: No settings file exists, new profile?" (new Error("", "(unknown module)"))
1615528179600	Marionette	INFO	Listening on port 44585
1615528179691	Marionette	WARN	TLS certificate errors will be ignored for this session
JavaScript error: https://apis.google.com/_/scs/apps-static/_/js/k=oz.gapi.fr.-cMzeOPtfdw.O/m=signin2/rt=j/sv=1/d=1/ed=1/am=wQ/rs=AGLTcCOh0zVQlLmOEBUPqrAJhHMG4e9dlw/cb=gapi.loaded_0, line 222: uncaught exception: [object Object]
JavaScript error: https://apis.google.com/_/scs/apps-static/_/js/k=oz.gapi.fr.-cMzeOPtfdw.O/m=signin2/rt=j/sv=1/d=1/ed=1/am=wQ/rs=AGLTcCOh0zVQlLmOEBUPqrAJhHMG4e9dlw/cb=gapi.loaded_0, line 222: uncaught exception: [object Object]
1615528182635	Marionette	INFO	Stopped listening on port 44585
JavaScript error: https://apis.google.com/_/scs/apps-static/_/js/k=oz.gapi.fr.-cMzeOPtfdw.O/m=signin2/rt=j/sv=1/d=1/ed=1/am=wQ/rs=AGLTcCOh0zVQlLmOEBUPqrAJhHMG4e9dlw/cb=gapi.loaded_0, line 222: uncaught exception: [object Object]

###!!! [Parent][RunMessage] Error: Channel closing: too late to send/recv, messages will be lost

1615528222498	geckodriver	INFO	Listening on 127.0.0.1:53677
1615528222503	mozrunner::runner	INFO	Running command: "/usr/bin/firefox" "--marionette" "-foreground" "-no-remote" "-profile" "/tmp/rust_mozprofileNmTfd3"
console.warn: SearchSettings: "get: No settings file exists, new profile?" (new Error("", "(unknown module)"))
1615528226229	Marionette	INFO	Listening on port 35527
1615528226340	Marionette	WARN	TLS certificate errors will be ignored for this session
JavaScript error: https://apis.google.com/_/scs/apps-static/_/js/k=oz.gapi.fr.-cMzeOPtfdw.O/m=signin2/rt=j/sv=1/d=1/ed=1/am=wQ/rs=AGLTcCOh0zVQlLmOEBUPqrAJhHMG4e9dlw/cb=gapi.loaded_0, line 222: uncaught exception: [object Object]
JavaScript error: https://apis.google.com/_/scs/apps-static/_/js/k=oz.gapi.fr.-cMzeOPtfdw.O/m=signin2/rt=j/sv=1/d=1/ed=1/am=wQ/rs=AGLTcCOh0zVQlLmOEBUPqrAJhHMG4e9dlw/cb=gapi.loaded_0, line 222: uncaught exception: [object Object]
JavaScript error: https://apis.google.com/_/scs/apps-static/_/js/k=oz.gapi.fr.-cMzeOPtfdw.O/m=signin2/rt=j/sv=1/d=1/ed=1/am=wQ/rs=AGLTcCOh0zVQlLmOEBUPqrAJhHMG4e9dlw/cb=gapi.loaded_0, line 222: uncaught exception: [object Object]
1615528229916	Marionette	INFO	Stopped listening on port 35527
JavaScript error: resource://gre/modules/UrlClassifierListManager.jsm, line 691: TypeError: this.tablesData[table] is undefined

###!!! [Parent][RunMessage] Error: Channel closing: too late to send/recv, messages will be lost

1615528272887	geckodriver	INFO	Listening on 127.0.0.1:60335
1615528272892	mozrunner::runner	INFO	Running command: "/usr/bin/firefox" "--marionette" "-foreground" "-no-remote" "-profile" "/tmp/rust_mozprofileJ3awLk"
console.warn: SearchSettings: "get: No settings file exists, new profile?" (new Error("", "(unknown module)"))
1615528276702	Marionette	INFO	Listening on port 32945
1615528276829	Marionette	WARN	TLS certificate errors will be ignored for this session
JavaScript error: https://apis.google.com/_/scs/apps-static/_/js/k=oz.gapi.fr.-cMzeOPtfdw.O/m=signin2/rt=j/sv=1/d=1/ed=1/am=wQ/rs=AGLTcCOh0zVQlLmOEBUPqrAJhHMG4e9dlw/cb=gapi.loaded_0, line 222: uncaught exception: [object Object]
JavaScript error: https://apis.google.com/_/scs/apps-static/_/js/k=oz.gapi.fr.-cMzeOPtfdw.O/m=signin2/rt=j/sv=1/d=1/ed=1/am=wQ/rs=AGLTcCOh0zVQlLmOEBUPqrAJhHMG4e9dlw/cb=gapi.loaded_0, line 222: uncaught exception: [object Object]
JavaScript error: https://apis.google.com/_/scs/apps-static/_/js/k=oz.gapi.fr.-cMzeOPtfdw.O/m=signin2/rt=j/sv=1/d=1/ed=1/am=wQ/rs=AGLTcCOh0zVQlLmOEBUPqrAJhHMG4e9dlw/cb=gapi.loaded_0, line 222: uncaught exception: [object Object]
1615528280533	Marionette	INFO	Stopped listening on port 32945
JavaScript error: https://apis.google.com/_/scs/apps-static/_/js/k=oz.gapi.fr.-cMzeOPtfdw.O/m=signin2/rt=j/sv=1/d=1/ed=1/am=wQ/rs=AGLTcCOh0zVQlLmOEBUPqrAJhHMG4e9dlw/cb=gapi.loaded_0, line 222: uncaught exception: [object Object]
JavaScript error: resource://gre/modules/UrlClassifierListManager.jsm, line 691: TypeError: this.tablesData[table] is undefined
1615539116340	geckodriver	INFO	Listening on 127.0.0.1:48573
1615539116344	mozrunner::runner	INFO	Running command: "/usr/bin/firefox" "--marionette" "-foreground" "-no-remote" "-profile" "/tmp/rust_mozprofilebf1Q7X"
console.warn: SearchSettings: "get: No settings file exists, new profile?" (new Error("", "(unknown module)"))
1615539120143	Marionette	INFO	Listening on port 38957
1615539120181	Marionette	WARN	TLS certificate errors will be ignored for this session
JavaScript error: https://apis.google.com/_/scs/apps-static/_/js/k=oz.gapi.fr.-cMzeOPtfdw.O/m=signin2/rt=j/sv=1/d=1/ed=1/am=wQ/rs=AGLTcCOh0zVQlLmOEBUPqrAJhHMG4e9dlw/cb=gapi.loaded_0, line 222: uncaught exception: [object Object]
JavaScript error: https://apis.google.com/_/scs/apps-static/_/js/k=oz.gapi.fr.-cMzeOPtfdw.O/m=signin2/rt=j/sv=1/d=1/ed=1/am=wQ/rs=AGLTcCOh0zVQlLmOEBUPqrAJhHMG4e9dlw/cb=gapi.loaded_0, line 222: uncaught exception: [object Object]
JavaScript error: https://apis.google.com/_/scs/apps-static/_/js/k=oz.gapi.fr.-cMzeOPtfdw.O/m=signin2/rt=j/sv=1/d=1/ed=1/am=wQ/rs=AGLTcCOh0zVQlLmOEBUPqrAJhHMG4e9dlw/cb=gapi.loaded_0, line 222: uncaught exception: [object Object]
1615539124140	Marionette	INFO	Stopped listening on port 38957
JavaScript error: resource://activity-stream/lib/ASRouter.jsm, line 969: TypeError: this._storage is null
JavaScript error: resource://gre/modules/UrlClassifierListManager.jsm, line 691: TypeError: this.tablesData[table] is undefined
console.log: "RemoteSettingsWorker error: AbortError: IndexedDB:  execute() A request was aborted, for example through a call to IDBTransaction.abort."
console.log: "RemoteSettingsWorker error: Error: Can't import when we've started shutting down."
console.log: "RemoteSettingsWorker error: Error: Can't import when we've started shutting down."
console.log: "RemoteSettingsWorker error: Error: Can't import when we've started shutting down."
console.error: "Could not load engine google@search.mozilla.org: [Exception... \"AddonManager is not initialized\"  nsresult: \"0xc1f30001 (NS_ERROR_NOT_INITIALIZED)\"  location: \"JS frame :: resource://gre/modules/AddonManager.jsm :: installBuiltinAddon :: line 2550\"  data: no]"
console.error: "Could not load engine wikipedia@search.mozilla.org: [Exception... \"AddonManager is not initialized\"  nsresult: \"0xc1f30001 (NS_ERROR_NOT_INITIALIZED)\"  location: \"JS frame :: resource://gre/modules/AddonManager.jsm :: installBuiltinAddon :: line 2550\"  data: no]"
console.error: "Could not load engine bing@search.mozilla.org: [Exception... \"AddonManager is not initialized\"  nsresult: \"0xc1f30001 (NS_ERROR_NOT_INITIALIZED)\"  location: \"JS frame :: resource://gre/modules/AddonManager.jsm :: installBuiltinAddon :: line 2550\"  data: no]"
console.error: "Could not load engine amazon@search.mozilla.org: [Exception... \"AddonManager is not initialized\"  nsresult: \"0xc1f30001 (NS_ERROR_NOT_INITIALIZED)\"  location: \"JS frame :: resource://gre/modules/AddonManager.jsm :: installBuiltinAddon :: line 2550\"  data: no]"
console.error: "Could not load engine ddg@search.mozilla.org: [Exception... \"AddonManager is not initialized\"  nsresult: \"0xc1f30001 (NS_ERROR_NOT_INITIALIZED)\"  location: \"JS frame :: resource://gre/modules/AddonManager.jsm :: installBuiltinAddon :: line 2550\"  data: no]"
console.error: "Could not load engine ebay@search.mozilla.org: [Exception... \"AddonManager is not initialized\"  nsresult: \"0xc1f30001 (NS_ERROR_NOT_INITIALIZED)\"  location: \"JS frame :: resource://gre/modules/AddonManager.jsm :: installBuiltinAddon :: line 2550\"  data: no]"
console.error: "Could not load engine qwant@search.mozilla.org: [Exception... \"AddonManager is not initialized\"  nsresult: \"0xc1f30001 (NS_ERROR_NOT_INITIALIZED)\"  location: \"JS frame :: resource://gre/modules/AddonManager.jsm :: installBuiltinAddon :: line 2550\"  data: no]"
console.warn: SearchService: "_init: abandoning init due to shutting down"
JavaScript error: resource://gre/modules/AsyncShutdown.jsm, line 573: uncaught exception: 2147500036
JavaScript error: resource://gre/modules/AsyncShutdown.jsm, line 573: uncaught exception: 2147500036
JavaScript error: resource://gre/modules/AsyncShutdown.jsm, line 573: uncaught exception: 2147500036
JavaScript error: resource://gre/modules/AsyncShutdown.jsm, line 573: uncaught exception: 2147500036
JavaScript error: resource://gre/modules/AsyncShutdown.jsm, line 573: uncaught exception: 2147500036
JavaScript error: resource://gre/modules/AsyncShutdown.jsm, line 573: uncaught exception: 2147500036
JavaScript error: resource://gre/modules/AsyncShutdown.jsm, line 573: uncaught exception: 2147500036
JavaScript error: resource://gre/modules/AsyncShutdown.jsm, line 573: uncaught exception: 2147500036
JavaScript error: resource://gre/modules/AsyncShutdown.jsm, line 573: uncaught exception: 2147500036
JavaScript error: resource://gre/modules/AsyncShutdown.jsm, line 573: uncaught exception: 2147500036
JavaScript error: resource://gre/modules/AsyncShutdown.jsm, line 573: uncaught exception: 2147500036
JavaScript error: resource://gre/modules/AsyncShutdown.jsm, line 573: uncaught exception: 2147500036
JavaScript error: resource://gre/modules/AsyncShutdown.jsm, line 573: uncaught exception: 2147500036
JavaScript error: resource://gre/modules/AsyncShutdown.jsm, line 573: uncaught exception: 2147500036
JavaScript error: resource://gre/modules/AsyncShutdown.jsm, line 573: uncaught exception: 2147500036

###!!! [Parent][RunMessage] Error: Channel closing: too late to send/recv, messages will be lost

JavaScript error: resource:///modules/EveryWindow.jsm, line 37: NS_ERROR_UNEXPECTED: Component returned failure code: 0x8000ffff (NS_ERROR_UNEXPECTED) [nsIWindowMediator.getEnumerator]
JavaScript error: resource://gre/modules/CrashManager.jsm, line 831: NotAllowedError: Shutting down and refusing additional I/O tasks
ExceptionHandler::GenerateDump cloned child 355646
ExceptionHandler::SendContinueSignalToChild sent continue signal to child
ExceptionHandler::WaitForContinueSignal waiting for continue signal...
1615539265976	geckodriver	INFO	Listening on 127.0.0.1:47389
1615539267033	mozrunner::runner	INFO	Running command: "/usr/bin/firefox" "--marionette" "-foreground" "-no-remote" "-profile" "/tmp/rust_mozprofilebaE7pN"
console.warn: SearchSettings: "get: No settings file exists, new profile?" (new Error("", "(unknown module)"))
1615539280444	Marionette	INFO	Listening on port 33819
1615539280772	Marionette	WARN	TLS certificate errors will be ignored for this session
JavaScript error: https://apis.google.com/_/scs/apps-static/_/js/k=oz.gapi.fr.-cMzeOPtfdw.O/m=signin2/rt=j/sv=1/d=1/ed=1/am=wQ/rs=AGLTcCOh0zVQlLmOEBUPqrAJhHMG4e9dlw/cb=gapi.loaded_0, line 222: uncaught exception: [object Object]
JavaScript error: https://apis.google.com/_/scs/apps-static/_/js/k=oz.gapi.fr.-cMzeOPtfdw.O/m=signin2/rt=j/sv=1/d=1/ed=1/am=wQ/rs=AGLTcCOh0zVQlLmOEBUPqrAJhHMG4e9dlw/cb=gapi.loaded_0, line 222: uncaught exception: [object Object]
JavaScript error: https://apis.google.com/_/scs/apps-static/_/js/k=oz.gapi.fr.-cMzeOPtfdw.O/m=signin2/rt=j/sv=1/d=1/ed=1/am=wQ/rs=AGLTcCOh0zVQlLmOEBUPqrAJhHMG4e9dlw/cb=gapi.loaded_0, line 222: uncaught exception: [object Object]
1615539285409	Marionette	INFO	Stopped listening on port 33819
JavaScript error: resource://gre/modules/UrlClassifierListManager.jsm, line 691: TypeError: this.tablesData[table] is undefined

###!!! [Parent][RunMessage] Error: Channel closing: too late to send/recv, messages will be lost

1615540239202	geckodriver	INFO	Listening on 127.0.0.1:48509
1615540239206	mozrunner::runner	INFO	Running command: "/usr/bin/firefox" "--marionette" "-foreground" "-no-remote" "-profile" "/tmp/rust_mozprofileoS0h1M"
console.warn: SearchSettings: "get: No settings file exists, new profile?" (new Error("", "(unknown module)"))
1615540243323	Marionette	INFO	Listening on port 44221
1615540243440	Marionette	WARN	TLS certificate errors will be ignored for this session
JavaScript error: https://apis.google.com/_/scs/apps-static/_/js/k=oz.gapi.fr.-cMzeOPtfdw.O/m=signin2/rt=j/sv=1/d=1/ed=1/am=wQ/rs=AGLTcCOh0zVQlLmOEBUPqrAJhHMG4e9dlw/cb=gapi.loaded_0, line 222: uncaught exception: [object Object]
JavaScript error: https://apis.google.com/_/scs/apps-static/_/js/k=oz.gapi.fr.-cMzeOPtfdw.O/m=signin2/rt=j/sv=1/d=1/ed=1/am=wQ/rs=AGLTcCOh0zVQlLmOEBUPqrAJhHMG4e9dlw/cb=gapi.loaded_0, line 222: uncaught exception: [object Object]
JavaScript error: https://apis.google.com/_/scs/apps-static/_/js/k=oz.gapi.fr.-cMzeOPtfdw.O/m=signin2/rt=j/sv=1/d=1/ed=1/am=wQ/rs=AGLTcCOh0zVQlLmOEBUPqrAJhHMG4e9dlw/cb=gapi.loaded_0, line 222: uncaught exception: [object Object]
1615540277559	Marionette	INFO	Stopped listening on port 44221

###!!! [Parent][RunMessage] Error: Channel closing: too late to send/recv, messages will be lost

1615540436886	geckodriver	INFO	Listening on 127.0.0.1:36453
1615540436889	mozrunner::runner	INFO	Running command: "/usr/bin/firefox" "--marionette" "-foreground" "-no-remote" "-profile" "/tmp/rust_mozprofile4okJWc"
console.warn: SearchSettings: "get: No settings file exists, new profile?" (new Error("", "(unknown module)"))
1615540440742	Marionette	INFO	Listening on port 40917
1615540440825	Marionette	WARN	TLS certificate errors will be ignored for this session
JavaScript error: https://apis.google.com/_/scs/apps-static/_/js/k=oz.gapi.fr.-cMzeOPtfdw.O/m=signin2/rt=j/sv=1/d=1/ed=1/am=wQ/rs=AGLTcCOh0zVQlLmOEBUPqrAJhHMG4e9dlw/cb=gapi.loaded_0, line 222: uncaught exception: [object Object]
JavaScript error: https://apis.google.com/_/scs/apps-static/_/js/k=oz.gapi.fr.-cMzeOPtfdw.O/m=signin2/rt=j/sv=1/d=1/ed=1/am=wQ/rs=AGLTcCOh0zVQlLmOEBUPqrAJhHMG4e9dlw/cb=gapi.loaded_0, line 222: uncaught exception: [object Object]
JavaScript error: https://apis.google.com/_/scs/apps-static/_/js/k=oz.gapi.fr.-cMzeOPtfdw.O/m=signin2/rt=j/sv=1/d=1/ed=1/am=wQ/rs=AGLTcCOh0zVQlLmOEBUPqrAJhHMG4e9dlw/cb=gapi.loaded_0, line 222: uncaught exception: [object Object]
1615540474523	Marionette	INFO	Stopped listening on port 40917

###!!! [Parent][RunMessage] Error: Channel closing: too late to send/recv, messages will be lost

1615540487136	geckodriver	INFO	Listening on 127.0.0.1:48115
1615540487140	mozrunner::runner	INFO	Running command: "/usr/bin/firefox" "--marionette" "-foreground" "-no-remote" "-profile" "/tmp/rust_mozprofileUZJYnA"
console.warn: SearchSettings: "get: No settings file exists, new profile?" (new Error("", "(unknown module)"))
1615540491417	Marionette	INFO	Listening on port 41685
1615540491475	Marionette	WARN	TLS certificate errors will be ignored for this session
JavaScript error: https://apis.google.com/_/scs/apps-static/_/js/k=oz.gapi.fr.-cMzeOPtfdw.O/m=signin2/rt=j/sv=1/d=1/ed=1/am=wQ/rs=AGLTcCOh0zVQlLmOEBUPqrAJhHMG4e9dlw/cb=gapi.loaded_0, line 222: uncaught exception: [object Object]
JavaScript error: https://apis.google.com/_/scs/apps-static/_/js/k=oz.gapi.fr.-cMzeOPtfdw.O/m=signin2/rt=j/sv=1/d=1/ed=1/am=wQ/rs=AGLTcCOh0zVQlLmOEBUPqrAJhHMG4e9dlw/cb=gapi.loaded_0, line 222: uncaught exception: [object Object]
JavaScript error: https://apis.google.com/_/scs/apps-static/_/js/k=oz.gapi.fr.-cMzeOPtfdw.O/m=signin2/rt=j/sv=1/d=1/ed=1/am=wQ/rs=AGLTcCOh0zVQlLmOEBUPqrAJhHMG4e9dlw/cb=gapi.loaded_0, line 222: uncaught exception: [object Object]
1615540494967	Marionette	INFO	Stopped listening on port 41685
JavaScript error: resource://activity-stream/lib/ASRouter.jsm, line 988: NS_ERROR_ILLEGAL_VALUE: Component returned failure code: 0x80070057 (NS_ERROR_ILLEGAL_VALUE) [nsIObserverService.removeObserver]

###!!! [Parent][RunMessage] Error: Channel closing: too late to send/recv, messages will be lost

1615540619871	geckodriver	INFO	Listening on 127.0.0.1:52001
1615540619874	mozrunner::runner	INFO	Running command: "/usr/bin/firefox" "--marionette" "-foreground" "-no-remote" "-profile" "/tmp/rust_mozprofileWH0UNX"
console.warn: SearchSettings: "get: No settings file exists, new profile?" (new Error("", "(unknown module)"))
1615540623963	Marionette	INFO	Listening on port 39061
1615540624006	Marionette	WARN	TLS certificate errors will be ignored for this session
JavaScript error: https://apis.google.com/_/scs/apps-static/_/js/k=oz.gapi.fr.-cMzeOPtfdw.O/m=signin2/rt=j/sv=1/d=1/ed=1/am=wQ/rs=AGLTcCOh0zVQlLmOEBUPqrAJhHMG4e9dlw/cb=gapi.loaded_0, line 222: uncaught exception: [object Object]
JavaScript error: https://apis.google.com/_/scs/apps-static/_/js/k=oz.gapi.fr.-cMzeOPtfdw.O/m=signin2/rt=j/sv=1/d=1/ed=1/am=wQ/rs=AGLTcCOh0zVQlLmOEBUPqrAJhHMG4e9dlw/cb=gapi.loaded_0, line 222: uncaught exception: [object Object]
JavaScript error: https://apis.google.com/_/scs/apps-static/_/js/k=oz.gapi.fr.-cMzeOPtfdw.O/m=signin2/rt=j/sv=1/d=1/ed=1/am=wQ/rs=AGLTcCOh0zVQlLmOEBUPqrAJhHMG4e9dlw/cb=gapi.loaded_0, line 222: uncaught exception: [object Object]
1615540628357	Marionette	INFO	Stopped listening on port 39061
JavaScript error: resource://gre/modules/UrlClassifierListManager.jsm, line 691: TypeError: this.tablesData[table] is undefined

###!!! [Parent][RunMessage] Error: Channel closing: too late to send/recv, messages will be lost

1615541817189	geckodriver	INFO	Listening on 127.0.0.1:47875
1615541817193	mozrunner::runner	INFO	Running command: "/usr/bin/firefox" "--marionette" "-foreground" "-no-remote" "-profile" "/tmp/rust_mozprofileLi2I5o"
console.warn: SearchSettings: "get: No settings file exists, new profile?" (new Error("", "(unknown module)"))
1615541820965	Marionette	INFO	Listening on port 34221
1615541821027	Marionette	WARN	TLS certificate errors will be ignored for this session
JavaScript error: https://apis.google.com/_/scs/apps-static/_/js/k=oz.gapi.fr.-cMzeOPtfdw.O/m=signin2/rt=j/sv=1/d=1/ed=1/am=wQ/rs=AGLTcCOh0zVQlLmOEBUPqrAJhHMG4e9dlw/cb=gapi.loaded_0, line 222: uncaught exception: [object Object]
JavaScript error: https://apis.google.com/_/scs/apps-static/_/js/k=oz.gapi.fr.-cMzeOPtfdw.O/m=signin2/rt=j/sv=1/d=1/ed=1/am=wQ/rs=AGLTcCOh0zVQlLmOEBUPqrAJhHMG4e9dlw/cb=gapi.loaded_0, line 222: uncaught exception: [object Object]
1615541824115	Marionette	INFO	Stopped listening on port 34221
JavaScript error: resource://activity-stream/lib/ASRouter.jsm, line 988: NS_ERROR_ILLEGAL_VALUE: Component returned failure code: 0x80070057 (NS_ERROR_ILLEGAL_VALUE) [nsIObserverService.removeObserver]
console.error: services.settings: 
  main/whats-new-panel Signature failed  TypeError: NetworkError when attempting to fetch resource.

###!!! [Parent][RunMessage] Error: Channel closing: too late to send/recv, messages will be lost

1615542550724	geckodriver	INFO	Listening on 127.0.0.1:49539
1615542550729	mozrunner::runner	INFO	Running command: "/usr/bin/firefox" "--marionette" "-foreground" "-no-remote" "-profile" "/tmp/rust_mozprofileuqFzB3"
console.warn: SearchSettings: "get: No settings file exists, new profile?" (new Error("", "(unknown module)"))
1615542557132	Marionette	INFO	Listening on port 33919
1615542557168	Marionette	WARN	TLS certificate errors will be ignored for this session
JavaScript error: https://apis.google.com/_/scs/apps-static/_/js/k=oz.gapi.fr.-cMzeOPtfdw.O/m=signin2/rt=j/sv=1/d=1/ed=1/am=wQ/rs=AGLTcCOh0zVQlLmOEBUPqrAJhHMG4e9dlw/cb=gapi.loaded_0, line 222: uncaught exception: [object Object]
JavaScript error: https://apis.google.com/_/scs/apps-static/_/js/k=oz.gapi.fr.-cMzeOPtfdw.O/m=signin2/rt=j/sv=1/d=1/ed=1/am=wQ/rs=AGLTcCOh0zVQlLmOEBUPqrAJhHMG4e9dlw/cb=gapi.loaded_0, line 222: uncaught exception: [object Object]
JavaScript error: https://apis.google.com/_/scs/apps-static/_/js/k=oz.gapi.fr.-cMzeOPtfdw.O/m=signin2/rt=j/sv=1/d=1/ed=1/am=wQ/rs=AGLTcCOh0zVQlLmOEBUPqrAJhHMG4e9dlw/cb=gapi.loaded_0, line 222: uncaught exception: [object Object]
1615542595180	Marionette	INFO	Stopped listening on port 33919

###!!! [Parent][RunMessage] Error: Channel closing: too late to send/recv, messages will be lost

