Performing system checks...

System check identified no issues (0 silenced).
March 05, 2021 - 08:11:27
Django version 3.1.7, using settings 'set.settings'
Starting development server at http://127.0.0.1:8000/
Quit the server with CONTROL-C.
Performing system checks...

System check identified no issues (0 silenced).
March 05, 2021 - 08:14:52
Django version 3.1.7, using settings 'set.settings'
Starting development server at http://127.0.0.1:8000/
Quit the server with CONTROL-C.
Performing system checks...

System check identified no issues (0 silenced).
March 05, 2021 - 08:29:11
Django version 3.1.7, using settings 'set.settings'
Starting development server at http://127.0.0.1:8000/
Quit the server with CONTROL-C.
Performing system checks...

System check identified no issues (0 silenced).
March 05, 2021 - 08:37:08
Django version 3.1.7, using settings 'set.settings'
Starting development server at http://127.0.0.1:8000/
Quit the server with CONTROL-C.
Performing system checks...

System check identified no issues (0 silenced).
March 05, 2021 - 09:03:25
Django version 3.1.7, using settings 'set.settings'
Starting development server at http://127.0.0.1:8000/
Quit the server with CONTROL-C.
Performing system checks...

System check identified no issues (0 silenced).
March 05, 2021 - 09:31:49
Django version 3.1.7, using settings 'set.settings'
Starting development server at http://127.0.0.1:8000/
Quit the server with CONTROL-C.
Performing system checks...

System check identified no issues (0 silenced).
March 05, 2021 - 09:50:57
Django version 3.1.7, using settings 'set.settings'
Starting development server at http://127.0.0.1:8000/
Quit the server with CONTROL-C.
Performing system checks...

System check identified no issues (0 silenced).
March 10, 2021 - 18:30:41
Django version 3.1.7, using settings 'set.settings'
Starting development server at http://127.0.0.1:8000/
Quit the server with CONTROL-C.
Performing system checks...

System check identified no issues (0 silenced).
March 11, 2021 - 14:29:15
Django version 3.1.7, using settings 'set.settings'
Starting development server at http://127.0.0.1:8000/
Quit the server with CONTROL-C.
Performing system checks...

System check identified no issues (0 silenced).
March 11, 2021 - 14:32:02
Django version 3.1.7, using settings 'set.settings'
Starting development server at http://127.0.0.1:8000/
Quit the server with CONTROL-C.
Performing system checks...

System check identified no issues (0 silenced).
March 11, 2021 - 14:32:54
Django version 3.1.7, using settings 'set.settings'
Starting development server at http://127.0.0.1:8000/
Quit the server with CONTROL-C.
Performing system checks...

System check identified no issues (0 silenced).
March 11, 2021 - 14:34:10
Django version 3.1.7, using settings 'set.settings'
Starting development server at http://127.0.0.1:8000/
Quit the server with CONTROL-C.
Performing system checks...

System check identified no issues (0 silenced).
March 11, 2021 - 14:35:41
Django version 3.1.7, using settings 'set.settings'
Starting development server at http://127.0.0.1:8000/
Quit the server with CONTROL-C.
Performing system checks...

System check identified no issues (0 silenced).
March 11, 2021 - 14:36:52
Django version 3.1.7, using settings 'set.settings'
Starting development server at http://127.0.0.1:8000/
Quit the server with CONTROL-C.
Performing system checks...

System check identified no issues (0 silenced).
March 11, 2021 - 14:38:46
Django version 3.1.7, using settings 'set.settings'
Starting development server at http://127.0.0.1:8000/
Quit the server with CONTROL-C.
Performing system checks...

System check identified no issues (0 silenced).
March 11, 2021 - 14:40:19
Django version 3.1.7, using settings 'set.settings'
Starting development server at http://127.0.0.1:8000/
Quit the server with CONTROL-C.
Performing system checks...

System check identified no issues (0 silenced).
March 11, 2021 - 14:41:21
Django version 3.1.7, using settings 'set.settings'
Starting development server at http://127.0.0.1:8000/
Quit the server with CONTROL-C.
Performing system checks...

System check identified no issues (0 silenced).
March 11, 2021 - 14:42:09
Django version 3.1.7, using settings 'set.settings'
Starting development server at http://127.0.0.1:8000/
Quit the server with CONTROL-C.
Performing system checks...

System check identified no issues (0 silenced).
March 11, 2021 - 14:57:43
Django version 3.1.7, using settings 'set.settings'
Starting development server at http://127.0.0.1:8000/
Quit the server with CONTROL-C.
Performing system checks...

System check identified no issues (0 silenced).
March 11, 2021 - 14:59:07
Django version 3.1.7, using settings 'set.settings'
Starting development server at http://127.0.0.1:8000/
Quit the server with CONTROL-C.
Performing system checks...

System check identified no issues (0 silenced).
March 11, 2021 - 15:25:18
Django version 3.1.7, using settings 'set.settings'
Starting development server at http://127.0.0.1:8000/
Quit the server with CONTROL-C.
Performing system checks...

System check identified no issues (0 silenced).
March 11, 2021 - 15:55:54
Django version 3.1.7, using settings 'set.settings'
Starting development server at http://127.0.0.1:8000/
Quit the server with CONTROL-C.
Performing system checks...

System check identified no issues (0 silenced).
March 11, 2021 - 16:12:49
Django version 3.1.7, using settings 'set.settings'
Starting development server at http://127.0.0.1:8000/
Quit the server with CONTROL-C.
Performing system checks...

System check identified no issues (0 silenced).
March 11, 2021 - 16:12:57
Django version 3.1.7, using settings 'set.settings'
Starting development server at http://127.0.0.1:8000/
Quit the server with CONTROL-C.
Performing system checks...

System check identified no issues (0 silenced).
March 11, 2021 - 16:23:29
Django version 3.1.7, using settings 'set.settings'
Starting development server at http://127.0.0.1:8000/
Quit the server with CONTROL-C.
Performing system checks...

System check identified no issues (0 silenced).
March 11, 2021 - 16:23:52
Django version 3.1.7, using settings 'set.settings'
Starting development server at http://127.0.0.1:8000/
Quit the server with CONTROL-C.
Performing system checks...

System check identified no issues (0 silenced).
March 11, 2021 - 16:41:22
Django version 3.1.7, using settings 'set.settings'
Starting development server at http://127.0.0.1:8000/
Quit the server with CONTROL-C.
Performing system checks...

System check identified no issues (0 silenced).
March 11, 2021 - 16:41:32
Django version 3.1.7, using settings 'set.settings'
Starting development server at http://127.0.0.1:8000/
Quit the server with CONTROL-C.
Performing system checks...

System check identified no issues (0 silenced).
March 11, 2021 - 16:49:10
Django version 3.1.7, using settings 'set.settings'
Starting development server at http://127.0.0.1:8000/
Quit the server with CONTROL-C.
/home/crispinpigla/set_folder_contain/set/set
Performing system checks...

System check identified no issues (0 silenced).
March 11, 2021 - 16:53:07
Django version 3.1.7, using settings 'set.settings'
Starting development server at http://127.0.0.1:8000/
Quit the server with CONTROL-C.
/home/crispinpigla/set_folder_contain/set/set
/home/crispinpigla/set_folder_contain/set/set/media
Performing system checks...

System check identified no issues (0 silenced).
March 11, 2021 - 16:57:02
Django version 3.1.7, using settings 'set.settings'
Starting development server at http://127.0.0.1:8000/
Quit the server with CONTROL-C.
/home/crispinpigla/set_folder_contain/set/set
/home/crispinpigla/set_folder_contain/set/set/media
Performing system checks...

System check identified no issues (0 silenced).
March 11, 2021 - 17:27:35
Django version 3.1.7, using settings 'set.settings'
Starting development server at http://127.0.0.1:8000/
Quit the server with CONTROL-C.
/home/crispinpigla/set_folder_contain/set/set
/home/crispinpigla/set_folder_contain/set/set/media
/home/crispinpigla/set_folder_contain/set/set
/home/crispinpigla/set_folder_contain/set/set/media
Performing system checks...

System check identified no issues (0 silenced).
March 11, 2021 - 17:27:45
Django version 3.1.7, using settings 'set.settings'
Starting development server at http://127.0.0.1:8000/
Quit the server with CONTROL-C.
/home/crispinpigla/set_folder_contain/set/set
/home/crispinpigla/set_folder_contain/set/set/media
/home/crispinpigla/set_folder_contain/set/set
/home/crispinpigla/set_folder_contain/set/set/media
Performing system checks...

System check identified no issues (0 silenced).
March 11, 2021 - 17:29:57
Django version 3.1.7, using settings 'set.settings'
Starting development server at http://127.0.0.1:8000/
Quit the server with CONTROL-C.
Performing system checks...

System check identified no issues (0 silenced).
March 11, 2021 - 17:39:36
Django version 3.1.7, using settings 'set.settings'
Starting development server at http://127.0.0.1:8000/
Quit the server with CONTROL-C.
Performing system checks...

System check identified no issues (0 silenced).
March 11, 2021 - 17:54:10
Django version 3.1.7, using settings 'set.settings'
Starting development server at http://127.0.0.1:8000/
Quit the server with CONTROL-C.
Performing system checks...

System check identified no issues (0 silenced).
March 11, 2021 - 17:57:55
Django version 3.1.7, using settings 'set.settings'
Starting development server at http://127.0.0.1:8000/
Quit the server with CONTROL-C.
Performing system checks...

System check identified no issues (0 silenced).
March 11, 2021 - 18:15:04
Django version 3.1.7, using settings 'set.settings'
Starting development server at http://127.0.0.1:8000/
Quit the server with CONTROL-C.
Performing system checks...

System check identified no issues (0 silenced).
March 11, 2021 - 18:15:11
Django version 3.1.7, using settings 'set.settings'
Starting development server at http://127.0.0.1:8000/
Quit the server with CONTROL-C.
Performing system checks...

System check identified no issues (0 silenced).
March 11, 2021 - 18:58:29
Django version 3.1.7, using settings 'set.settings'
Starting development server at http://127.0.0.1:8000/
Quit the server with CONTROL-C.
Performing system checks...

System check identified no issues (0 silenced).
March 11, 2021 - 19:02:19
Django version 3.1.7, using settings 'set.settings'
Starting development server at http://127.0.0.1:8000/
Quit the server with CONTROL-C.
Performing system checks...

System check identified no issues (0 silenced).
March 11, 2021 - 19:08:25
Django version 3.1.7, using settings 'set.settings'
Starting development server at http://127.0.0.1:8000/
Quit the server with CONTROL-C.
Performing system checks...

System check identified no issues (0 silenced).
March 11, 2021 - 19:09:40
Django version 3.1.7, using settings 'set.settings'
Starting development server at http://127.0.0.1:8000/
Quit the server with CONTROL-C.
Performing system checks...

System check identified no issues (0 silenced).
March 11, 2021 - 19:13:06
Django version 3.1.7, using settings 'set.settings'
Starting development server at http://127.0.0.1:8000/
Quit the server with CONTROL-C.
Performing system checks...

System check identified no issues (0 silenced).
March 11, 2021 - 19:13:50
Django version 3.1.7, using settings 'set.settings'
Starting development server at http://127.0.0.1:8000/
Quit the server with CONTROL-C.
Performing system checks...

System check identified no issues (0 silenced).
March 11, 2021 - 19:52:19
Django version 3.1.7, using settings 'set.settings'
Starting development server at http://127.0.0.1:8000/
Quit the server with CONTROL-C.
Performing system checks...

System check identified no issues (0 silenced).
March 11, 2021 - 19:52:41
Django version 3.1.7, using settings 'set.settings'
Starting development server at http://127.0.0.1:8000/
Quit the server with CONTROL-C.
Performing system checks...

System check identified no issues (0 silenced).
March 11, 2021 - 19:54:00
Django version 3.1.7, using settings 'set.settings'
Starting development server at http://127.0.0.1:8000/
Quit the server with CONTROL-C.
Performing system checks...

System check identified no issues (0 silenced).
March 11, 2021 - 19:54:07
Django version 3.1.7, using settings 'set.settings'
Starting development server at http://127.0.0.1:8000/
Quit the server with CONTROL-C.
Performing system checks...

System check identified no issues (0 silenced).
March 11, 2021 - 19:57:50
Django version 3.1.7, using settings 'set.settings'
Starting development server at http://127.0.0.1:8000/
Quit the server with CONTROL-C.
Performing system checks...

System check identified no issues (0 silenced).
March 11, 2021 - 20:08:24
Django version 3.1.7, using settings 'set.settings'
Starting development server at http://127.0.0.1:8000/
Quit the server with CONTROL-C.
Performing system checks...

System check identified no issues (0 silenced).
March 11, 2021 - 20:26:26
Django version 3.1.7, using settings 'set.settings'
Starting development server at http://127.0.0.1:8000/
Quit the server with CONTROL-C.
Performing system checks...

System check identified no issues (0 silenced).
March 11, 2021 - 20:49:43
Django version 3.1.7, using settings 'set.settings'
Starting development server at http://127.0.0.1:8000/
Quit the server with CONTROL-C.
Performing system checks...

System check identified no issues (0 silenced).
March 11, 2021 - 20:51:17
Django version 3.1.7, using settings 'set.settings'
Starting development server at http://127.0.0.1:8000/
Quit the server with CONTROL-C.
Performing system checks...

System check identified no issues (0 silenced).
March 11, 2021 - 20:57:25
Django version 3.1.7, using settings 'set.settings'
Starting development server at http://127.0.0.1:8000/
Quit the server with CONTROL-C.
Performing system checks...

System check identified no issues (0 silenced).
March 11, 2021 - 21:04:54
Django version 3.1.7, using settings 'set.settings'
Starting development server at http://127.0.0.1:8000/
Quit the server with CONTROL-C.
Performing system checks...

System check identified no issues (0 silenced).
March 11, 2021 - 21:10:00
Django version 3.1.7, using settings 'set.settings'
Starting development server at http://127.0.0.1:8000/
Quit the server with CONTROL-C.
Performing system checks...

System check identified no issues (0 silenced).
March 11, 2021 - 21:17:42
Django version 3.1.7, using settings 'set.settings'
Starting development server at http://127.0.0.1:8000/
Quit the server with CONTROL-C.
